Using pre-set license
Built from '2022.3/staging' branch; Version is '2022.3.10f1 (ff3792e53c62) revision 16725906'; Using compiler version '192829333'; Build Type 'Release'
OS: 'Windows 11  (10.0.22000) 64bit CoreSingleLanguage' Language: 'en' Physical Memory: 16108 MB
BatchMode: 1, IsHumanControllingUs: 0, StartBugReporterOnCrash: 0, Is64bit: 1, IsPro: 1

COMMAND LINE ARGUMENTS:
C:\Program Files\Unity\Hub\Editor\2022.3.10f1\Editor\Unity.exe
-adb2
-batchMode
-noUpm
-name
AssetImportWorker0
-projectPath
C:/Users/Syakirin/Desktop/Final Year UTP/Sept 2023/ModellingSimulation/NavMeshLatest/NavMesh
-logFile
Logs/AssetImportWorker0.log
-srvPort
54264
Successfully changed project path to: C:/Users/Syakirin/Desktop/Final Year UTP/Sept 2023/ModellingSimulation/NavMeshLatest/NavMesh
C:/Users/Syakirin/Desktop/Final Year UTP/Sept 2023/ModellingSimulation/NavMeshLatest/NavMesh
[UnityMemory] Configuration Parameters - Can be set up in boot.config
    "memorysetup-bucket-allocator-granularity=16"
    "memorysetup-bucket-allocator-bucket-count=8"
    "memorysetup-bucket-allocator-block-size=33554432"
    "memorysetup-bucket-allocator-block-count=8"
    "memorysetup-main-allocator-block-size=16777216"
    "memorysetup-thread-allocator-block-size=16777216"
    "memorysetup-gfx-main-allocator-block-size=16777216"
    "memorysetup-gfx-thread-allocator-block-size=16777216"
    "memorysetup-cache-allocator-block-size=4194304"
    "memorysetup-typetree-allocator-block-size=2097152"
    "memorysetup-profiler-bucket-allocator-granularity=16"
    "memorysetup-profiler-bucket-allocator-bucket-count=8"
    "memorysetup-profiler-bucket-allocator-block-size=33554432"
    "memorysetup-profiler-bucket-allocator-block-count=8"
    "memorysetup-profiler-allocator-block-size=16777216"
    "memorysetup-profiler-editor-allocator-block-size=1048576"
    "memorysetup-temp-allocator-size-main=16777216"
    "memorysetup-job-temp-allocator-block-size=2097152"
    "memorysetup-job-temp-allocator-block-size-background=1048576"
    "memorysetup-job-temp-allocator-reduction-small-platforms=262144"
    "memorysetup-allocator-temp-initial-block-size-main=262144"
    "memorysetup-allocator-temp-initial-block-size-worker=262144"
    "memorysetup-temp-allocator-size-background-worker=32768"
    "memorysetup-temp-allocator-size-job-worker=262144"
    "memorysetup-temp-allocator-size-preload-manager=33554432"
    "memorysetup-temp-allocator-size-nav-mesh-worker=65536"
    "memorysetup-temp-allocator-size-audio-worker=65536"
    "memorysetup-temp-allocator-size-cloud-worker=32768"
    "memorysetup-temp-allocator-size-gi-baking-worker=262144"
    "memorysetup-temp-allocator-size-gfx=262144"
Player connection [16952] Host "[IP] 172.29.98.2 [Port] 0 [Flags] 2 [Guid] 3737161086 [EditorId] 3737161086 [Version] 1048832 [Id] WindowsEditor(7,LAPTOP-V34J54N1) [Debug] 1 [PackageName] WindowsEditor [ProjectName] Editor" joined multi-casting on [225.0.0.222:54997]...

Player connection [16952] Host "[IP] 172.29.98.2 [Port] 0 [Flags] 2 [Guid] 3737161086 [EditorId] 3737161086 [Version] 1048832 [Id] WindowsEditor(7,LAPTOP-V34J54N1) [Debug] 1 [PackageName] WindowsEditor [ProjectName] Editor" joined alternative multi-casting on [225.0.0.222:34997]...

[Physics::Module] Initialized MultithreadedJobDispatcher with 11 workers.
Refreshing native plugins compatible for Editor in 9.47 ms, found 3 plugins.
Preloading 0 native plugins for Editor in 0.00 ms.
Initialize engine version: 2022.3.10f1 (ff3792e53c62)
[Subsystems] Discovering subsystems at path C:/Program Files/Unity/Hub/Editor/2022.3.10f1/Editor/Data/Resources/UnitySubsystems
[Subsystems] Discovering subsystems at path C:/Users/Syakirin/Desktop/Final Year UTP/Sept 2023/ModellingSimulation/NavMeshLatest/NavMesh/Assets
GfxDevice: creating device client; threaded=0; jobified=0
Direct3D:
    Version:  Direct3D 11.0 [level 11.1]
    Renderer: Intel(R) Iris(R) Xe Graphics (ID=0x46a8)
    Vendor:   Intel
    VRAM:     8054 MB
    Driver:   31.0.101.3251
Initialize mono
Mono path[0] = 'C:/Program Files/Unity/Hub/Editor/2022.3.10f1/Editor/Data/Managed'
Mono path[1] = 'C:/Program Files/Unity/Hub/Editor/2022.3.10f1/Editor/Data/MonoBleedingEdge/lib/mono/unityjit-win32'
Mono config path = 'C:/Program Files/Unity/Hub/Editor/2022.3.10f1/Editor/Data/MonoBleedingEdge/etc'
Using monoOptions --debugger-agent=transport=dt_socket,embedding=1,server=y,suspend=n,address=127.0.0.1:56640
Begin MonoManager ReloadAssembly
Registering precompiled unity dll's ...
Register platform support module: C:/Program Files/Unity/Hub/Editor/2022.3.10f1/Editor/Data/PlaybackEngines/WebGLSupport/UnityEditor.WebGL.Extensions.dll
Register platform support module: C:/Program Files/Unity/Hub/Editor/2022.3.10f1/Editor/Data/PlaybackEngines/WindowsStandaloneSupport/UnityEditor.WindowsStandalone.Extensions.dll
Registered in 0.006176 seconds.
- Loaded All Assemblies, in  0.340 seconds
Native extension for WindowsStandalone target not found
Native extension for WebGL target not found
Mono: successfully reloaded assembly
- Finished resetting the current domain, in  0.262 seconds
Domain Reload Profiling: 601ms
	BeginReloadAssembly (102ms)
		ExecutionOrderSort (0ms)
		DisableScriptedObjects (0ms)
		BackupInstance (0ms)
		ReleaseScriptingObjects (0ms)
		CreateAndSetChildDomain (1ms)
	RebuildCommonClasses (31ms)
	RebuildNativeTypeToScriptingClass (11ms)
	initialDomainReloadingComplete (55ms)
	LoadAllAssembliesAndSetupDomain (139ms)
		LoadAssemblies (100ms)
		RebuildTransferFunctionScriptingTraits (0ms)
		AnalyzeDomain (138ms)
			TypeCache.Refresh (136ms)
				TypeCache.ScanAssembly (120ms)
			ScanForSourceGeneratedMonoScriptInfo (0ms)
			ResolveRequiredComponents (0ms)
	FinalizeReload (263ms)
		ReleaseScriptCaches (0ms)
		RebuildScriptCaches (0ms)
		SetupLoadedEditorAssemblies (199ms)
			LogAssemblyErrors (0ms)
			InitializePlatformSupportModulesInManaged (11ms)
			SetLoadedEditorAssemblies (7ms)
			RefreshPlugins (0ms)
			BeforeProcessingInitializeOnLoad (3ms)
			ProcessInitializeOnLoadAttributes (131ms)
			ProcessInitializeOnLoadMethodAttributes (47ms)
			AfterProcessingInitializeOnLoad (0ms)
			EditorAssembliesLoaded (0ms)
		ExecutionOrderSort2 (0ms)
		AwakeInstancesAfterBackupRestoration (0ms)
========================================================================
Worker process is ready to serve import requests
Begin MonoManager ReloadAssembly
- Loaded All Assemblies, in  1.009 seconds
Refreshing native plugins compatible for Editor in 3.33 ms, found 3 plugins.
Native extension for WindowsStandalone target not found
Native extension for WebGL target not found
Package Manager log level set to [2]
[Package Manager] Server::EnsureServerProcessIsRunning -- launch failed, reason: Unity was launched with the -noUpm command-line argument
[Package Manager] UpmClient::Send -- Unable to send message (not connected to UPM process).
[Package Manager] Cannot connect to Unity Package Manager local server
Mono: successfully reloaded assembly
- Finished resetting the current domain, in  0.922 seconds
Domain Reload Profiling: 1928ms
	BeginReloadAssembly (185ms)
		ExecutionOrderSort (0ms)
		DisableScriptedObjects (5ms)
		BackupInstance (0ms)
		ReleaseScriptingObjects (0ms)
		CreateAndSetChildDomain (30ms)
	RebuildCommonClasses (39ms)
	RebuildNativeTypeToScriptingClass (15ms)
	initialDomainReloadingComplete (54ms)
	LoadAllAssembliesAndSetupDomain (712ms)
		LoadAssemblies (550ms)
		RebuildTransferFunctionScriptingTraits (0ms)
		AnalyzeDomain (276ms)
			TypeCache.Refresh (251ms)
				TypeCache.ScanAssembly (230ms)
			ScanForSourceGeneratedMonoScriptInfo (18ms)
			ResolveRequiredComponents (5ms)
	FinalizeReload (923ms)
		ReleaseScriptCaches (0ms)
		RebuildScriptCaches (0ms)
		SetupLoadedEditorAssemblies (736ms)
			LogAssemblyErrors (0ms)
			InitializePlatformSupportModulesInManaged (9ms)
			SetLoadedEditorAssemblies (6ms)
			RefreshPlugins (0ms)
			BeforeProcessingInitializeOnLoad (87ms)
			ProcessInitializeOnLoadAttributes (602ms)
			ProcessInitializeOnLoadMethodAttributes (24ms)
			AfterProcessingInitializeOnLoad (9ms)
			EditorAssembliesLoaded (0ms)
		ExecutionOrderSort2 (0ms)
		AwakeInstancesAfterBackupRestoration (9ms)
Launched and connected shader compiler UnityShaderCompiler.exe after 0.07 seconds
Refreshing native plugins compatible for Editor in 3.14 ms, found 3 plugins.
Preloading 0 native plugins for Editor in 0.00 ms.
Unloading 3174 Unused Serialized files (Serialized files now loaded: 0)
Unloading 33 unused Assets / (57.4 KB). Loaded Objects now: 3634.
Memory consumption went from 116.5 MB to 116.4 MB.
Total: 5.519500 ms (FindLiveObjects: 0.344400 ms CreateObjectMapping: 0.157600 ms MarkObjects: 4.884000 ms  DeleteObjects: 0.131600 ms)

AssetImportParameters requested are different than current active one (requested -> active):
  custom:container-demuxer-ogg: 62fdf1f143b41e24485cea50d1cbac27 -> 
  custom:video-codec-MediaFoundation-h265: 746d11721c4dcdbdad8f713fa42b33f4 -> 
  custom:video-decoder-ogg-theora: a1e56fd34408186e4bbccfd4996cb3dc -> 
  custom:framework-win-MediaFoundation: 216162199b28c13a410421893ffa2e32 -> 
  custom:CustomObjectIndexerAttribute: 756ad292c208cfabdd7b50bc23989ffe -> 
  custom:container-demuxer-webm: 4f35f7cbe854078d1ac9338744f61a02 -> 
  custom:container-muxer-webm: aa71ff27fc2769a1b78a27578f13a17b -> 
  custom:video-decoder-webm-vp8: 9c59270c3fd7afecdb556c50c9e8de78 -> 
  custom:SearchIndexIgnoredProperties: e643bd26f0fe6173181afceb89e7c659 -> 
  custom:AudioImporter_EditorPlatform: d09bf68614088b80899f8185d706f6e7 -> 
  custom:video-encoder-webm-vp8: eb34c28f22e8b96e1ab97ce403110664 -> 
  custom:audio-decoder-ogg-vorbis: bf7c407c2cedff20999df2af8eb42d56 -> 
  custom:audio-encoder-webm-vorbis: bf7c407c2cedff20999df2af8eb42d56 -> 
========================================================================
Received Import Request.
  Time since last request: 386939.771608 seconds.
  path: Assets/supermarket-potato-chips-shelf-asset/source/Supermarket Chips Shelf.fbx
  artifactKey: Guid(3bc39ccad188f0342beb49db12194892) Importer(815301076,1909f56bfc062723c751e8b465ee728b)
Start importing Assets/supermarket-potato-chips-shelf-asset/source/Supermarket Chips Shelf.fbx using Guid(3bc39ccad188f0342beb49db12194892) Importer(815301076,1909f56bfc062723c751e8b465ee728b)  -> (artifact id: '6a8cbc22820fd57453069154d407b3f2') in 0.159104 seconds
Number of updated asset objects reloaded before import = 0
Number of asset objects unloaded after import = 8
========================================================================
Received Import Request.
  Time since last request: 13.459979 seconds.
  path: Assets/supermarket-potato-chips-shelf-asset/textures
  artifactKey: Guid(e0985e0dfa4f414458c7713f7eaad8e1) Importer(815301076,1909f56bfc062723c751e8b465ee728b)
Start importing Assets/supermarket-potato-chips-shelf-asset/textures using Guid(e0985e0dfa4f414458c7713f7eaad8e1) Importer(815301076,1909f56bfc062723c751e8b465ee728b)  -> (artifact id: 'cb0729c7d9c079d843d6aaa33b57789d') in 0.001398 seconds
Number of updated asset objects reloaded before import = 0
Number of asset objects unloaded after import = 0
========================================================================
Received Import Request.
  Time since last request: 0.057912 seconds.
  path: Assets/supermarket-potato-chips-shelf-asset/textures/internal_ground_ao_texture.jpeg
  artifactKey: Guid(f757f807322c9734da9436cede8ee93d) Importer(815301076,1909f56bfc062723c751e8b465ee728b)
Start importing Assets/supermarket-potato-chips-shelf-asset/textures/internal_ground_ao_texture.jpeg using Guid(f757f807322c9734da9436cede8ee93d) Importer(815301076,1909f56bfc062723c751e8b465ee728b)  -> (artifact id: 'fe7b28690a05e40325e7eced5eee6bd8') in 0.021496 seconds
Number of updated asset objects reloaded before import = 0
Number of asset objects unloaded after import = 2
========================================================================
Received Import Request.
  Time since last request: 0.000015 seconds.
  path: Assets/supermarket-potato-chips-shelf-asset/textures/Supermarket Chips Shelf Roughness 2k.jpeg
  artifactKey: Guid(0a20ce0db37feeb41a641f76122f406c) Importer(815301076,1909f56bfc062723c751e8b465ee728b)
Start importing Assets/supermarket-potato-chips-shelf-asset/textures/Supermarket Chips Shelf Roughness 2k.jpeg using Guid(0a20ce0db37feeb41a641f76122f406c) Importer(815301076,1909f56bfc062723c751e8b465ee728b)  -> (artifact id: '75f287f540413a3cc4c1514f490e5727') in 0.023087 seconds
Number of updated asset objects reloaded before import = 0
Number of asset objects unloaded after import = 2
========================================================================
Received Import Request.
  Time since last request: 0.000074 seconds.
  path: Assets/supermarket-potato-chips-shelf-asset/textures/Supermarket Chips Shelf Normal 2k.jpeg
  artifactKey: Guid(84b1f57c3ec6fd544b857d86f4cc35f6) Importer(815301076,1909f56bfc062723c751e8b465ee728b)
Start importing Assets/supermarket-potato-chips-shelf-asset/textures/Supermarket Chips Shelf Normal 2k.jpeg using Guid(84b1f57c3ec6fd544b857d86f4cc35f6) Importer(815301076,1909f56bfc062723c751e8b465ee728b)  -> (artifact id: 'd05002b61a16d2b84355d11494f553d1') in 0.019732 seconds
Number of updated asset objects reloaded before import = 0
Number of asset objects unloaded after import = 2
========================================================================
Received Import Request.
  Time since last request: 482.684392 seconds.
  path: Assets/supermarket-potato-chips-shelf-asset/Materials
  artifactKey: Guid(b0ab68dd4a08e224ebf1d2a57d21df5d) Importer(815301076,1909f56bfc062723c751e8b465ee728b)
Start importing Assets/supermarket-potato-chips-shelf-asset/Materials using Guid(b0ab68dd4a08e224ebf1d2a57d21df5d) Importer(815301076,1909f56bfc062723c751e8b465ee728b)  -> (artifact id: 'dc2864db9aa4d1e0ba63d2e2f48d581c') in 0.000916 seconds
Number of updated asset objects reloaded before import = 0
Number of asset objects unloaded after import = 0
========================================================================
Received Import Request.
  Time since last request: 0.082882 seconds.
  path: Assets/supermarket-potato-chips-shelf-asset/Materials/Supermarket Chips Shelf Color 2k.mat
  artifactKey: Guid(d90f2a48d2adb1746934c85767165c65) Importer(815301076,1909f56bfc062723c751e8b465ee728b)
Start importing Assets/supermarket-potato-chips-shelf-asset/Materials/Supermarket Chips Shelf Color 2k.mat using Guid(d90f2a48d2adb1746934c85767165c65) Importer(815301076,1909f56bfc062723c751e8b465ee728b)  -> (artifact id: '9231b21a1f590946ef295061a6b0f07a') in 0.014326 seconds
Number of updated asset objects reloaded before import = 0
Number of asset objects unloaded after import = 2
========================================================================
Received Import Request.
  Time since last request: 659.794688 seconds.
  path: Assets/supermarket-drinks-shelf-asset
  artifactKey: Guid(26b07d55e73254248aed7a28c49647ec) Importer(815301076,1909f56bfc062723c751e8b465ee728b)
Start importing Assets/supermarket-drinks-shelf-asset using Guid(26b07d55e73254248aed7a28c49647ec) Importer(815301076,1909f56bfc062723c751e8b465ee728b)  -> (artifact id: '77ee88cf89e2f628ee7015a32ff10c64') in 0.000880 seconds
Number of updated asset objects reloaded before import = 0
Number of asset objects unloaded after import = 0
========================================================================
Received Import Request.
  Time since last request: 2.337146 seconds.
  path: Assets/sneaky-scan-the-supermarket
  artifactKey: Guid(61a6dd7537ce65d4ab991299b7e50f32) Importer(815301076,1909f56bfc062723c751e8b465ee728b)
Start importing Assets/sneaky-scan-the-supermarket using Guid(61a6dd7537ce65d4ab991299b7e50f32) Importer(815301076,1909f56bfc062723c751e8b465ee728b)  -> (artifact id: '63247dea40eac78a0132e4410460fc0f') in 0.000750 seconds
Number of updated asset objects reloaded before import = 0
Number of asset objects unloaded after import = 0
========================================================================
Received Import Request.
  Time since last request: 2.401621 seconds.
  path: Assets/sneaky-scan-the-supermarket/source
  artifactKey: Guid(48b5bbc7cdabffe4a8c404c667c4e1fd) Importer(815301076,1909f56bfc062723c751e8b465ee728b)
Start importing Assets/sneaky-scan-the-supermarket/source using Guid(48b5bbc7cdabffe4a8c404c667c4e1fd) Importer(815301076,1909f56bfc062723c751e8b465ee728b)  -> (artifact id: '4016407b5a572f49a5519a4162b2efbb') in 0.000917 seconds
Number of updated asset objects reloaded before import = 0
Number of asset objects unloaded after import = 0
========================================================================
Received Import Request.
  Time since last request: 1.099742 seconds.
  path: Assets/sneaky-scan-the-supermarket/source/model_obj.zip
  artifactKey: Guid(037a07c73c2a7624287b4d10c38684ca) Importer(815301076,1909f56bfc062723c751e8b465ee728b)
Start importing Assets/sneaky-scan-the-supermarket/source/model_obj.zip using Guid(037a07c73c2a7624287b4d10c38684ca) Importer(815301076,1909f56bfc062723c751e8b465ee728b)  -> (artifact id: '11e10c25ac94ddde1606bcd082814362') in 0.001287 seconds
Number of updated asset objects reloaded before import = 0
Number of asset objects unloaded after import = 1
========================================================================
Received Import Request.
  Time since last request: 74.361309 seconds.
  path: Assets/sneaky-scan-the-supermarket/source/model_obj
  artifactKey: Guid(aeb219513ff7e334ab202dc888911392) Importer(815301076,1909f56bfc062723c751e8b465ee728b)
Start importing Assets/sneaky-scan-the-supermarket/source/model_obj using Guid(aeb219513ff7e334ab202dc888911392) Importer(815301076,1909f56bfc062723c751e8b465ee728b)  -> (artifact id: '61680e7947e4d511897984f234179654') in 0.000620 seconds
Number of updated asset objects reloaded before import = 0
Number of asset objects unloaded after import = 0
========================================================================
Received Import Request.
  Time since last request: 0.834847 seconds.
  path: Assets/sneaky-scan-the-supermarket/source/model_obj/scaniverse-20210504-174857
  artifactKey: Guid(74249476118d1924bbc165f4ab1f8f07) Importer(815301076,1909f56bfc062723c751e8b465ee728b)
Start importing Assets/sneaky-scan-the-supermarket/source/model_obj/scaniverse-20210504-174857 using Guid(74249476118d1924bbc165f4ab1f8f07) Importer(815301076,1909f56bfc062723c751e8b465ee728b)  -> (artifact id: '61f50ed4bfd9480e4d0c1490b6ad6277') in 0.001089 seconds
Number of updated asset objects reloaded before import = 0
Number of asset objects unloaded after import = 0
========================================================================
Received Import Request.
  Time since last request: 0.056295 seconds.
  path: Assets/sneaky-scan-the-supermarket/source/model_obj/scaniverse-20210504-174857/scaniverse-20210504-174857.obj
  artifactKey: Guid(10ad1971486fc7544990c55394a3d6a5) Importer(815301076,1909f56bfc062723c751e8b465ee728b)
Start importing Assets/sneaky-scan-the-supermarket/source/model_obj/scaniverse-20210504-174857/scaniverse-20210504-174857.obj using Guid(10ad1971486fc7544990c55394a3d6a5) Importer(815301076,1909f56bfc062723c751e8b465ee728b)  -> (artifact id: 'c219d8e5c9beb74f9dc6cef6ae84bb28') in 0.090457 seconds
Number of updated asset objects reloaded before import = 0
Number of asset objects unloaded after import = 11
========================================================================
Received Import Request.
  Time since last request: 498.382680 seconds.
  path: Assets/source
  artifactKey: Guid(8d2d1632c584b7c438dd4bf810361c3e) Importer(815301076,1909f56bfc062723c751e8b465ee728b)
Start importing Assets/source using Guid(8d2d1632c584b7c438dd4bf810361c3e) Importer(815301076,1909f56bfc062723c751e8b465ee728b)  -> (artifact id: '3b10fdff504b97bc2db71a567fc92b58') in 0.001434 seconds
Number of updated asset objects reloaded before import = 0
Number of asset objects unloaded after import = 0
========================================================================
Received Import Request.
  Time since last request: 6.230156 seconds.
  path: Assets/textures
  artifactKey: Guid(366c39ecaf44e204f904211fdee9b10a) Importer(815301076,1909f56bfc062723c751e8b465ee728b)
Start importing Assets/textures using Guid(366c39ecaf44e204f904211fdee9b10a) Importer(815301076,1909f56bfc062723c751e8b465ee728b)  -> (artifact id: '65fd9b6493b961161b4970616810ea78') in 0.000858 seconds
Number of updated asset objects reloaded before import = 0
Number of asset objects unloaded after import = 0
========================================================================
Received Import Request.
  Time since last request: 11.397509 seconds.
  path: Assets/Material/Ground.mat
  artifactKey: Guid(697be076aa12b85beb9ae77d1ac3d8b9) Importer(815301076,1909f56bfc062723c751e8b465ee728b)
Start importing Assets/Material/Ground.mat using Guid(697be076aa12b85beb9ae77d1ac3d8b9) Importer(815301076,1909f56bfc062723c751e8b465ee728b)  -> (artifact id: 'c6af9ed36d4b999bc6ca12adf75d354d') in 0.028816 seconds
Number of updated asset objects reloaded before import = 0
Number of asset objects unloaded after import = 2
========================================================================
Received Import Request.
  Time since last request: 4.928185 seconds.
  path: Assets/textures/bfa0384fc1519820_0.png
  artifactKey: Guid(20593996f92094d4f9c9e13d8aaaeec0) Importer(815301076,1909f56bfc062723c751e8b465ee728b)
Start importing Assets/textures/bfa0384fc1519820_0.png using Guid(20593996f92094d4f9c9e13d8aaaeec0) Importer(815301076,1909f56bfc062723c751e8b465ee728b)  -> (artifact id: '8a7488b0d8691acfd237e330fde4bb3a') in 0.037303 seconds
Number of updated asset objects reloaded before import = 0
Number of asset objects unloaded after import = 2
========================================================================
Received Import Request.
  Time since last request: 56.970903 seconds.
  path: Assets/shop-casher-payment-machine
  artifactKey: Guid(463cc7fca893170429169643146edf95) Importer(815301076,1909f56bfc062723c751e8b465ee728b)
Start importing Assets/shop-casher-payment-machine using Guid(463cc7fca893170429169643146edf95) Importer(815301076,1909f56bfc062723c751e8b465ee728b)  -> (artifact id: 'eb38ceb7275e8345124772efcb04426b') in 0.000609 seconds
Number of updated asset objects reloaded before import = 0
Number of asset objects unloaded after import = 0
========================================================================
Received Import Request.
  Time since last request: 2.131489 seconds.
  path: Assets/shop-casher-payment-machine/source
  artifactKey: Guid(98ddbd9dd7d270e4db617bb0b8b81af6) Importer(815301076,1909f56bfc062723c751e8b465ee728b)
Start importing Assets/shop-casher-payment-machine/source using Guid(98ddbd9dd7d270e4db617bb0b8b81af6) Importer(815301076,1909f56bfc062723c751e8b465ee728b)  -> (artifact id: '3fffa00e14424ddbc0646ecf42fa18e0') in 0.000606 seconds
Number of updated asset objects reloaded before import = 0
Number of asset objects unloaded after import = 0
========================================================================
Received Import Request.
  Time since last request: 3.493059 seconds.
  path: Assets/shop-casher-payment-machine/source/Casher.glb
  artifactKey: Guid(9762863c7dc6f53428500901884dcd94) Importer(815301076,1909f56bfc062723c751e8b465ee728b)
Start importing Assets/shop-casher-payment-machine/source/Casher.glb using Guid(9762863c7dc6f53428500901884dcd94) Importer(815301076,1909f56bfc062723c751e8b465ee728b)  -> (artifact id: 'ae637411a32baf74eaf923469ac4a247') in 0.001042 seconds
Number of updated asset objects reloaded before import = 0
Number of asset objects unloaded after import = 1
========================================================================
Received Import Request.
  Time since last request: 84.629461 seconds.
  path: Assets/shop_casher_payment_machine
  artifactKey: Guid(13b15ba97004abc43b74e0cce0924030) Importer(815301076,1909f56bfc062723c751e8b465ee728b)
Start importing Assets/shop_casher_payment_machine using Guid(13b15ba97004abc43b74e0cce0924030) Importer(815301076,1909f56bfc062723c751e8b465ee728b)  -> (artifact id: '3031b60448d87d566364c8a32b81f082') in 0.000465 seconds
Number of updated asset objects reloaded before import = 0
Number of asset objects unloaded after import = 0
========================================================================
Received Import Request.
  Time since last request: 3.669303 seconds.
  path: Assets/shop_casher_payment_machine/textures
  artifactKey: Guid(e2986f3ef0f2b7e459b1f0ec2cb9f547) Importer(815301076,1909f56bfc062723c751e8b465ee728b)
Start importing Assets/shop_casher_payment_machine/textures using Guid(e2986f3ef0f2b7e459b1f0ec2cb9f547) Importer(815301076,1909f56bfc062723c751e8b465ee728b)  -> (artifact id: 'f27f453267d48528d1eacfef21ff79ee') in 0.001647 seconds
Number of updated asset objects reloaded before import = 0
Number of asset objects unloaded after import = 0
========================================================================
Received Import Request.
  Time since last request: 0.058530 seconds.
  path: Assets/shop_casher_payment_machine/textures/card_Leader_baseColor.png
  artifactKey: Guid(b36034fff9428c14d95b769228f88792) Importer(815301076,1909f56bfc062723c751e8b465ee728b)
Start importing Assets/shop_casher_payment_machine/textures/card_Leader_baseColor.png using Guid(b36034fff9428c14d95b769228f88792) Importer(815301076,1909f56bfc062723c751e8b465ee728b)  -> (artifact id: '17cf0ab9b533f4d527906c12e8d9b8ca') in 0.029194 seconds
Number of updated asset objects reloaded before import = 0
Number of asset objects unloaded after import = 2
========================================================================
Received Import Request.
  Time since last request: 23.216467 seconds.
  path: Assets/shop_casher_payment_machine/Materials
  artifactKey: Guid(d6d1c179e519e874791647af205a9b4d) Importer(815301076,1909f56bfc062723c751e8b465ee728b)
Start importing Assets/shop_casher_payment_machine/Materials using Guid(d6d1c179e519e874791647af205a9b4d) Importer(815301076,1909f56bfc062723c751e8b465ee728b)  -> (artifact id: 'bcd94beeece2cd2e705d51c48bdfca98') in 0.001177 seconds
Number of updated asset objects reloaded before import = 0
Number of asset objects unloaded after import = 0
========================================================================
Received Import Request.
  Time since last request: 0.067031 seconds.
  path: Assets/shop_casher_payment_machine/Materials/card_Leader_baseColor.mat
  artifactKey: Guid(105106caf14e4d344a56fcbf88304f1d) Importer(815301076,1909f56bfc062723c751e8b465ee728b)
Start importing Assets/shop_casher_payment_machine/Materials/card_Leader_baseColor.mat using Guid(105106caf14e4d344a56fcbf88304f1d) Importer(815301076,1909f56bfc062723c751e8b465ee728b)  -> (artifact id: '425d2a376b70f497511041fd6f232e47') in 0.022162 seconds
Number of updated asset objects reloaded before import = 0
Number of asset objects unloaded after import = 2
========================================================================
Received Import Request.
  Time since last request: 18.957452 seconds.
  path: Assets/shop_casher_payment_machine/scene.bin
  artifactKey: Guid(799d2c505263c57458aae76e03e09e55) Importer(815301076,1909f56bfc062723c751e8b465ee728b)
Start importing Assets/shop_casher_payment_machine/scene.bin using Guid(799d2c505263c57458aae76e03e09e55) Importer(815301076,1909f56bfc062723c751e8b465ee728b)  -> (artifact id: '3ce2a7296cc00fdefc83f203a2edf9ce') in 0.001422 seconds
Number of updated asset objects reloaded before import = 0
Number of asset objects unloaded after import = 1
========================================================================
Received Prepare
Begin MonoManager ReloadAssembly
- Loaded All Assemblies, in  0.491 seconds
Refreshing native plugins compatible for Editor in 4.46 ms, found 3 plugins.
Native extension for WindowsStandalone target not found
Native extension for WebGL target not found
[Package Manager] Server::EnsureServerProcessIsRunning -- launch failed, reason: Unity was launched with the -noUpm command-line argument
[Package Manager] UpmClient::Send -- Unable to send message (not connected to UPM process).
[Package Manager] Cannot connect to Unity Package Manager local server
Mono: successfully reloaded assembly
- Finished resetting the current domain, in  1.062 seconds
Domain Reload Profiling: 1551ms
	BeginReloadAssembly (192ms)
		ExecutionOrderSort (0ms)
		DisableScriptedObjects (7ms)
		BackupInstance (0ms)
		ReleaseScriptingObjects (0ms)
		CreateAndSetChildDomain (67ms)
	RebuildCommonClasses (29ms)
	RebuildNativeTypeToScriptingClass (8ms)
	initialDomainReloadingComplete (25ms)
	LoadAllAssembliesAndSetupDomain (235ms)
		LoadAssemblies (300ms)
		RebuildTransferFunctionScriptingTraits (0ms)
		AnalyzeDomain (17ms)
			TypeCache.Refresh (10ms)
				TypeCache.ScanAssembly (0ms)
			ScanForSourceGeneratedMonoScriptInfo (0ms)
			ResolveRequiredComponents (5ms)
	FinalizeReload (1062ms)
		ReleaseScriptCaches (0ms)
		RebuildScriptCaches (0ms)
		SetupLoadedEditorAssemblies (591ms)
			LogAssemblyErrors (0ms)
			InitializePlatformSupportModulesInManaged (7ms)
			SetLoadedEditorAssemblies (5ms)
			RefreshPlugins (0ms)
			BeforeProcessingInitializeOnLoad (70ms)
			ProcessInitializeOnLoadAttributes (478ms)
			ProcessInitializeOnLoadMethodAttributes (23ms)
			AfterProcessingInitializeOnLoad (8ms)
			EditorAssembliesLoaded (0ms)
		ExecutionOrderSort2 (0ms)
		AwakeInstancesAfterBackupRestoration (5ms)
Refreshing native plugins compatible for Editor in 2.32 ms, found 3 plugins.
Preloading 0 native plugins for Editor in 0.00 ms.
Unloading 3166 Unused Serialized files (Serialized files now loaded: 0)
Unloading 24 unused Assets / (31.6 KB). Loaded Objects now: 3683.
Memory consumption went from 120.2 MB to 120.2 MB.
Total: 3.745500 ms (FindLiveObjects: 0.312100 ms CreateObjectMapping: 0.111000 ms MarkObjects: 3.246800 ms  DeleteObjects: 0.073400 ms)

Prepare: number of updated asset objects reloaded= 0
AssetImportParameters requested are different than current active one (requested -> active):
  custom:container-demuxer-ogg: 62fdf1f143b41e24485cea50d1cbac27 -> 
  custom:video-codec-MediaFoundation-h265: 746d11721c4dcdbdad8f713fa42b33f4 -> 
  custom:video-decoder-ogg-theora: a1e56fd34408186e4bbccfd4996cb3dc -> 
  custom:framework-win-MediaFoundation: 216162199b28c13a410421893ffa2e32 -> 
  custom:CustomObjectIndexerAttribute: 756ad292c208cfabdd7b50bc23989ffe -> 
  custom:container-demuxer-webm: 4f35f7cbe854078d1ac9338744f61a02 -> 
  custom:container-muxer-webm: aa71ff27fc2769a1b78a27578f13a17b -> 
  custom:video-decoder-webm-vp8: 9c59270c3fd7afecdb556c50c9e8de78 -> 
  custom:SearchIndexIgnoredProperties: e643bd26f0fe6173181afceb89e7c659 -> 
  custom:AudioImporter_EditorPlatform: d09bf68614088b80899f8185d706f6e7 -> 
  custom:video-encoder-webm-vp8: eb34c28f22e8b96e1ab97ce403110664 -> 
  custom:audio-decoder-ogg-vorbis: bf7c407c2cedff20999df2af8eb42d56 -> 
  custom:audio-encoder-webm-vorbis: bf7c407c2cedff20999df2af8eb42d56 -> 
========================================================================
Received Import Request.
  Time since last request: 199.029310 seconds.
  path: Assets/walltexture.png
  artifactKey: Guid(b4a550a3e64bb874293447dea36580ce) Importer(815301076,1909f56bfc062723c751e8b465ee728b)
Start importing Assets/walltexture.png using Guid(b4a550a3e64bb874293447dea36580ce) Importer(815301076,1909f56bfc062723c751e8b465ee728b)  -> (artifact id: '0751e5fe90646220d6d9f17615ad4515') in 0.069360 seconds
Number of updated asset objects reloaded before import = 0
Number of asset objects unloaded after import = 2
========================================================================
Received Import Request.
  Time since last request: 99.622878 seconds.
  path: Assets/wall2.png
  artifactKey: Guid(0f88d34c132bc2c4881f10dc18642692) Importer(815301076,1909f56bfc062723c751e8b465ee728b)
Start importing Assets/wall2.png using Guid(0f88d34c132bc2c4881f10dc18642692) Importer(815301076,1909f56bfc062723c751e8b465ee728b)  -> (artifact id: 'f64a9b89193529ca879cf039358d346a') in 0.035987 seconds
Number of updated asset objects reloaded before import = 0
Number of asset objects unloaded after import = 2
========================================================================
Received Import Request.
  Time since last request: 175.216745 seconds.
  path: Assets/Riverside-Sly-Fox.png
  artifactKey: Guid(f9a71715871cecf498ff26100fbc2fbf) Importer(815301076,1909f56bfc062723c751e8b465ee728b)
Start importing Assets/Riverside-Sly-Fox.png using Guid(f9a71715871cecf498ff26100fbc2fbf) Importer(815301076,1909f56bfc062723c751e8b465ee728b)  -> (artifact id: 'fd05109489348fcf57531c5ae107fcb5') in 0.041392 seconds
Number of updated asset objects reloaded before import = 0
Number of asset objects unloaded after import = 2
========================================================================
Received Prepare
Begin MonoManager ReloadAssembly
- Loaded All Assemblies, in  0.405 seconds
Refreshing native plugins compatible for Editor in 2.34 ms, found 3 plugins.
Native extension for WindowsStandalone target not found
Native extension for WebGL target not found
[Package Manager] Server::EnsureServerProcessIsRunning -- launch failed, reason: Unity was launched with the -noUpm command-line argument
[Package Manager] UpmClient::Send -- Unable to send message (not connected to UPM process).
[Package Manager] Cannot connect to Unity Package Manager local server
Mono: successfully reloaded assembly
- Finished resetting the current domain, in  0.922 seconds
Domain Reload Profiling: 1326ms
	BeginReloadAssembly (132ms)
		ExecutionOrderSort (0ms)
		DisableScriptedObjects (3ms)
		BackupInstance (0ms)
		ReleaseScriptingObjects (0ms)
		CreateAndSetChildDomain (32ms)
	RebuildCommonClasses (35ms)
	RebuildNativeTypeToScriptingClass (13ms)
	initialDomainReloadingComplete (23ms)
	LoadAllAssembliesAndSetupDomain (200ms)
		LoadAssemblies (259ms)
		RebuildTransferFunctionScriptingTraits (0ms)
		AnalyzeDomain (9ms)
			TypeCache.Refresh (5ms)
				TypeCache.ScanAssembly (0ms)
			ScanForSourceGeneratedMonoScriptInfo (0ms)
			ResolveRequiredComponents (3ms)
	FinalizeReload (922ms)
		ReleaseScriptCaches (0ms)
		RebuildScriptCaches (0ms)
		SetupLoadedEditorAssemblies (518ms)
			LogAssemblyErrors (0ms)
			InitializePlatformSupportModulesInManaged (7ms)
			SetLoadedEditorAssemblies (4ms)
			RefreshPlugins (0ms)
			BeforeProcessingInitializeOnLoad (70ms)
			ProcessInitializeOnLoadAttributes (416ms)
			ProcessInitializeOnLoadMethodAttributes (17ms)
			AfterProcessingInitializeOnLoad (4ms)
			EditorAssembliesLoaded (0ms)
		ExecutionOrderSort2 (0ms)
		AwakeInstancesAfterBackupRestoration (6ms)
Refreshing native plugins compatible for Editor in 2.50 ms, found 3 plugins.
Preloading 0 native plugins for Editor in 0.00 ms.
Unloading 3166 Unused Serialized files (Serialized files now loaded: 0)
Unloading 24 unused Assets / (31.6 KB). Loaded Objects now: 3686.
Memory consumption went from 120.2 MB to 120.2 MB.
Total: 2.778300 ms (FindLiveObjects: 0.176800 ms CreateObjectMapping: 0.073600 ms MarkObjects: 2.437900 ms  DeleteObjects: 0.088800 ms)

Prepare: number of updated asset objects reloaded= 0
AssetImportParameters requested are different than current active one (requested -> active):
  custom:container-demuxer-ogg: 62fdf1f143b41e24485cea50d1cbac27 -> 
  custom:video-codec-MediaFoundation-h265: 746d11721c4dcdbdad8f713fa42b33f4 -> 
  custom:video-decoder-ogg-theora: a1e56fd34408186e4bbccfd4996cb3dc -> 
  custom:framework-win-MediaFoundation: 216162199b28c13a410421893ffa2e32 -> 
  custom:CustomObjectIndexerAttribute: 756ad292c208cfabdd7b50bc23989ffe -> 
  custom:container-demuxer-webm: 4f35f7cbe854078d1ac9338744f61a02 -> 
  custom:container-muxer-webm: aa71ff27fc2769a1b78a27578f13a17b -> 
  custom:video-decoder-webm-vp8: 9c59270c3fd7afecdb556c50c9e8de78 -> 
  custom:SearchIndexIgnoredProperties: e643bd26f0fe6173181afceb89e7c659 -> 
  custom:AudioImporter_EditorPlatform: d09bf68614088b80899f8185d706f6e7 -> 
  custom:video-encoder-webm-vp8: eb34c28f22e8b96e1ab97ce403110664 -> 
  custom:audio-decoder-ogg-vorbis: bf7c407c2cedff20999df2af8eb42d56 -> 
  custom:audio-encoder-webm-vorbis: bf7c407c2cedff20999df2af8eb42d56 -> 
========================================================================
Received Import Request.
  Time since last request: 35.045301 seconds.
  path: Assets/images.jpeg
  artifactKey: Guid(6faae57df13d7c04c9d80da9e32d46fd) Importer(815301076,1909f56bfc062723c751e8b465ee728b)
Start importing Assets/images.jpeg using Guid(6faae57df13d7c04c9d80da9e32d46fd) Importer(815301076,1909f56bfc062723c751e8b465ee728b)  -> (artifact id: '5f70131575a15a87a04aa53da861dc42') in 0.087850 seconds
Number of updated asset objects reloaded before import = 0
Number of asset objects unloaded after import = 2
========================================================================
Received Prepare
Begin MonoManager ReloadAssembly
- Loaded All Assemblies, in  0.375 seconds
Refreshing native plugins compatible for Editor in 2.24 ms, found 3 plugins.
Native extension for WindowsStandalone target not found
Native extension for WebGL target not found
[Package Manager] Server::EnsureServerProcessIsRunning -- launch failed, reason: Unity was launched with the -noUpm command-line argument
[Package Manager] UpmClient::Send -- Unable to send message (not connected to UPM process).
[Package Manager] Cannot connect to Unity Package Manager local server
Mono: successfully reloaded assembly
- Finished resetting the current domain, in  0.871 seconds
Domain Reload Profiling: 1245ms
	BeginReloadAssembly (130ms)
		ExecutionOrderSort (0ms)
		DisableScriptedObjects (4ms)
		BackupInstance (0ms)
		ReleaseScriptingObjects (0ms)
		CreateAndSetChildDomain (33ms)
	RebuildCommonClasses (23ms)
	RebuildNativeTypeToScriptingClass (8ms)
	initialDomainReloadingComplete (20ms)
	LoadAllAssembliesAndSetupDomain (192ms)
		LoadAssemblies (242ms)
		RebuildTransferFunctionScriptingTraits (0ms)
		AnalyzeDomain (11ms)
			TypeCache.Refresh (5ms)
				TypeCache.ScanAssembly (0ms)
			ScanForSourceGeneratedMonoScriptInfo (0ms)
			ResolveRequiredComponents (4ms)
	FinalizeReload (872ms)
		ReleaseScriptCaches (0ms)
		RebuildScriptCaches (0ms)
		SetupLoadedEditorAssemblies (507ms)
			LogAssemblyErrors (0ms)
			InitializePlatformSupportModulesInManaged (6ms)
			SetLoadedEditorAssemblies (4ms)
			RefreshPlugins (0ms)
			BeforeProcessingInitializeOnLoad (70ms)
			ProcessInitializeOnLoadAttributes (405ms)
			ProcessInitializeOnLoadMethodAttributes (16ms)
			AfterProcessingInitializeOnLoad (6ms)
			EditorAssembliesLoaded (0ms)
		ExecutionOrderSort2 (0ms)
		AwakeInstancesAfterBackupRestoration (7ms)
Refreshing native plugins compatible for Editor in 3.36 ms, found 3 plugins.
Preloading 0 native plugins for Editor in 0.00 ms.
Unloading 3166 Unused Serialized files (Serialized files now loaded: 0)
Unloading 24 unused Assets / (31.6 KB). Loaded Objects now: 3689.
Memory consumption went from 120.2 MB to 120.2 MB.
Total: 3.672800 ms (FindLiveObjects: 0.285400 ms CreateObjectMapping: 0.091900 ms MarkObjects: 3.206100 ms  DeleteObjects: 0.087400 ms)

Prepare: number of updated asset objects reloaded= 0
AssetImportParameters requested are different than current active one (requested -> active):
  custom:container-demuxer-ogg: 62fdf1f143b41e24485cea50d1cbac27 -> 
  custom:video-codec-MediaFoundation-h265: 746d11721c4dcdbdad8f713fa42b33f4 -> 
  custom:video-decoder-ogg-theora: a1e56fd34408186e4bbccfd4996cb3dc -> 
  custom:framework-win-MediaFoundation: 216162199b28c13a410421893ffa2e32 -> 
  custom:CustomObjectIndexerAttribute: 756ad292c208cfabdd7b50bc23989ffe -> 
  custom:container-demuxer-webm: 4f35f7cbe854078d1ac9338744f61a02 -> 
  custom:container-muxer-webm: aa71ff27fc2769a1b78a27578f13a17b -> 
  custom:video-decoder-webm-vp8: 9c59270c3fd7afecdb556c50c9e8de78 -> 
  custom:SearchIndexIgnoredProperties: e643bd26f0fe6173181afceb89e7c659 -> 
  custom:AudioImporter_EditorPlatform: d09bf68614088b80899f8185d706f6e7 -> 
  custom:video-encoder-webm-vp8: eb34c28f22e8b96e1ab97ce403110664 -> 
  custom:audio-decoder-ogg-vorbis: bf7c407c2cedff20999df2af8eb42d56 -> 
  custom:audio-encoder-webm-vorbis: bf7c407c2cedff20999df2af8eb42d56 -> 
========================================================================
Received Prepare
Begin MonoManager ReloadAssembly
- Loaded All Assemblies, in  0.493 seconds
Refreshing native plugins compatible for Editor in 3.54 ms, found 3 plugins.
Native extension for WindowsStandalone target not found
Native extension for WebGL target not found
[Package Manager] Server::EnsureServerProcessIsRunning -- launch failed, reason: Unity was launched with the -noUpm command-line argument
[Package Manager] UpmClient::Send -- Unable to send message (not connected to UPM process).
[Package Manager] Cannot connect to Unity Package Manager local server
Mono: successfully reloaded assembly
- Finished resetting the current domain, in  1.239 seconds
Domain Reload Profiling: 1729ms
	BeginReloadAssembly (186ms)
		ExecutionOrderSort (0ms)
		DisableScriptedObjects (7ms)
		BackupInstance (0ms)
		ReleaseScriptingObjects (0ms)
		CreateAndSetChildDomain (43ms)
	RebuildCommonClasses (37ms)
	RebuildNativeTypeToScriptingClass (10ms)
	initialDomainReloadingComplete (29ms)
	LoadAllAssembliesAndSetupDomain (227ms)
		LoadAssemblies (317ms)
		RebuildTransferFunctionScriptingTraits (0ms)
		AnalyzeDomain (9ms)
			TypeCache.Refresh (5ms)
				TypeCache.ScanAssembly (0ms)
			ScanForSourceGeneratedMonoScriptInfo (0ms)
			ResolveRequiredComponents (3ms)
	FinalizeReload (1239ms)
		ReleaseScriptCaches (0ms)
		RebuildScriptCaches (0ms)
		SetupLoadedEditorAssemblies (668ms)
			LogAssemblyErrors (0ms)
			InitializePlatformSupportModulesInManaged (7ms)
			SetLoadedEditorAssemblies (5ms)
			RefreshPlugins (0ms)
			BeforeProcessingInitializeOnLoad (81ms)
			ProcessInitializeOnLoadAttributes (542ms)
			ProcessInitializeOnLoadMethodAttributes (24ms)
			AfterProcessingInitializeOnLoad (8ms)
			EditorAssembliesLoaded (0ms)
		ExecutionOrderSort2 (0ms)
		AwakeInstancesAfterBackupRestoration (5ms)
Refreshing native plugins compatible for Editor in 4.34 ms, found 3 plugins.
Preloading 0 native plugins for Editor in 0.00 ms.
Unloading 3167 Unused Serialized files (Serialized files now loaded: 0)
Unloading 24 unused Assets / (31.6 KB). Loaded Objects now: 3692.
Memory consumption went from 120.5 MB to 120.5 MB.
Total: 4.015500 ms (FindLiveObjects: 0.327400 ms CreateObjectMapping: 0.087900 ms MarkObjects: 3.537700 ms  DeleteObjects: 0.061500 ms)

Prepare: number of updated asset objects reloaded= 0
AssetImportParameters requested are different than current active one (requested -> active):
  custom:container-demuxer-ogg: 62fdf1f143b41e24485cea50d1cbac27 -> 
  custom:video-codec-MediaFoundation-h265: 746d11721c4dcdbdad8f713fa42b33f4 -> 
  custom:video-decoder-ogg-theora: a1e56fd34408186e4bbccfd4996cb3dc -> 
  custom:framework-win-MediaFoundation: 216162199b28c13a410421893ffa2e32 -> 
  custom:CustomObjectIndexerAttribute: 756ad292c208cfabdd7b50bc23989ffe -> 
  custom:container-demuxer-webm: 4f35f7cbe854078d1ac9338744f61a02 -> 
  custom:container-muxer-webm: aa71ff27fc2769a1b78a27578f13a17b -> 
  custom:video-decoder-webm-vp8: 9c59270c3fd7afecdb556c50c9e8de78 -> 
  custom:SearchIndexIgnoredProperties: e643bd26f0fe6173181afceb89e7c659 -> 
  custom:AudioImporter_EditorPlatform: d09bf68614088b80899f8185d706f6e7 -> 
  custom:video-encoder-webm-vp8: eb34c28f22e8b96e1ab97ce403110664 -> 
  custom:audio-decoder-ogg-vorbis: bf7c407c2cedff20999df2af8eb42d56 -> 
  custom:audio-encoder-webm-vorbis: bf7c407c2cedff20999df2af8eb42d56 -> 
========================================================================
Received Prepare
Begin MonoManager ReloadAssembly
- Loaded All Assemblies, in  0.542 seconds
Refreshing native plugins compatible for Editor in 3.81 ms, found 6 plugins.
Native extension for WindowsStandalone target not found
Native extension for WebGL target not found
[Package Manager] Server::EnsureServerProcessIsRunning -- launch failed, reason: Unity was launched with the -noUpm command-line argument
[Package Manager] UpmClient::Send -- Unable to send message (not connected to UPM process).
[Package Manager] Cannot connect to Unity Package Manager local server
Mono: successfully reloaded assembly
- Finished resetting the current domain, in  1.100 seconds
Domain Reload Profiling: 1638ms
	BeginReloadAssembly (152ms)
		ExecutionOrderSort (0ms)
		DisableScriptedObjects (4ms)
		BackupInstance (0ms)
		ReleaseScriptingObjects (0ms)
		CreateAndSetChildDomain (38ms)
	RebuildCommonClasses (33ms)
	RebuildNativeTypeToScriptingClass (12ms)
	initialDomainReloadingComplete (25ms)
	LoadAllAssembliesAndSetupDomain (316ms)
		LoadAssemblies (366ms)
		RebuildTransferFunctionScriptingTraits (0ms)
		AnalyzeDomain (25ms)
			TypeCache.Refresh (14ms)
				TypeCache.ScanAssembly (4ms)
			ScanForSourceGeneratedMonoScriptInfo (7ms)
			ResolveRequiredComponents (3ms)
	FinalizeReload (1100ms)
		ReleaseScriptCaches (0ms)
		RebuildScriptCaches (0ms)
		SetupLoadedEditorAssemblies (584ms)
			LogAssemblyErrors (0ms)
			InitializePlatformSupportModulesInManaged (5ms)
			SetLoadedEditorAssemblies (5ms)
			RefreshPlugins (0ms)
			BeforeProcessingInitializeOnLoad (75ms)
			ProcessInitializeOnLoadAttributes (462ms)
			ProcessInitializeOnLoadMethodAttributes (27ms)
			AfterProcessingInitializeOnLoad (8ms)
			EditorAssembliesLoaded (0ms)
		ExecutionOrderSort2 (0ms)
		AwakeInstancesAfterBackupRestoration (8ms)
Refreshing native plugins compatible for Editor in 2.76 ms, found 6 plugins.
Preloading 0 native plugins for Editor in 0.00 ms.
Unloading 3328 Unused Serialized files (Serialized files now loaded: 0)
Unloading 38 unused Assets / (341.2 KB). Loaded Objects now: 3842.
Memory consumption went from 125.9 MB to 125.5 MB.
Total: 3.066800 ms (FindLiveObjects: 0.266400 ms CreateObjectMapping: 0.087700 ms MarkObjects: 2.509800 ms  DeleteObjects: 0.201700 ms)

Prepare: number of updated asset objects reloaded= 0
AssetImportParameters requested are different than current active one (requested -> active):
  custom:container-demuxer-ogg: 62fdf1f143b41e24485cea50d1cbac27 -> 
  custom:video-codec-MediaFoundation-h265: 746d11721c4dcdbdad8f713fa42b33f4 -> 
  custom:video-decoder-ogg-theora: a1e56fd34408186e4bbccfd4996cb3dc -> 
  custom:framework-win-MediaFoundation: 216162199b28c13a410421893ffa2e32 -> 
  custom:CustomObjectIndexerAttribute: 756ad292c208cfabdd7b50bc23989ffe -> 
  custom:container-demuxer-webm: 4f35f7cbe854078d1ac9338744f61a02 -> 
  custom:container-muxer-webm: aa71ff27fc2769a1b78a27578f13a17b -> 
  custom:video-decoder-webm-vp8: 9c59270c3fd7afecdb556c50c9e8de78 -> 
  custom:SearchIndexIgnoredProperties: e643bd26f0fe6173181afceb89e7c659 -> 
  custom:AudioImporter_EditorPlatform: d09bf68614088b80899f8185d706f6e7 -> 
  custom:video-encoder-webm-vp8: eb34c28f22e8b96e1ab97ce403110664 -> 
  custom:audio-decoder-ogg-vorbis: bf7c407c2cedff20999df2af8eb42d56 -> 
  custom:audio-encoder-webm-vorbis: bf7c407c2cedff20999df2af8eb42d56 -> 
========================================================================
Received Prepare
Begin MonoManager ReloadAssembly
- Loaded All Assemblies, in  0.560 seconds
Refreshing native plugins compatible for Editor in 8.78 ms, found 6 plugins.
Native extension for WindowsStandalone target not found
Native extension for WebGL target not found
[Package Manager] Server::EnsureServerProcessIsRunning -- launch failed, reason: Unity was launched with the -noUpm command-line argument
[Package Manager] UpmClient::Send -- Unable to send message (not connected to UPM process).
[Package Manager] Cannot connect to Unity Package Manager local server
Mono: successfully reloaded assembly
- Finished resetting the current domain, in  3.013 seconds
Domain Reload Profiling: 3571ms
	BeginReloadAssembly (171ms)
		ExecutionOrderSort (0ms)
		DisableScriptedObjects (7ms)
		BackupInstance (0ms)
		ReleaseScriptingObjects (0ms)
		CreateAndSetChildDomain (39ms)
	RebuildCommonClasses (36ms)
	RebuildNativeTypeToScriptingClass (13ms)
	initialDomainReloadingComplete (29ms)
	LoadAllAssembliesAndSetupDomain (310ms)
		LoadAssemblies (374ms)
		RebuildTransferFunctionScriptingTraits (0ms)
		AnalyzeDomain (21ms)
			TypeCache.Refresh (9ms)
				TypeCache.ScanAssembly (0ms)
			ScanForSourceGeneratedMonoScriptInfo (0ms)
			ResolveRequiredComponents (9ms)
	FinalizeReload (3014ms)
		ReleaseScriptCaches (0ms)
		RebuildScriptCaches (0ms)
		SetupLoadedEditorAssemblies (1892ms)
			LogAssemblyErrors (0ms)
			InitializePlatformSupportModulesInManaged (33ms)
			SetLoadedEditorAssemblies (20ms)
			RefreshPlugins (0ms)
			BeforeProcessingInitializeOnLoad (253ms)
			ProcessInitializeOnLoadAttributes (1515ms)
			ProcessInitializeOnLoadMethodAttributes (52ms)
			AfterProcessingInitializeOnLoad (19ms)
			EditorAssembliesLoaded (1ms)
		ExecutionOrderSort2 (0ms)
		AwakeInstancesAfterBackupRestoration (17ms)
Refreshing native plugins compatible for Editor in 8.10 ms, found 6 plugins.
Preloading 0 native plugins for Editor in 0.00 ms.
Unloading 3328 Unused Serialized files (Serialized files now loaded: 0)
Unloading 38 unused Assets / (341.1 KB). Loaded Objects now: 3845.
Memory consumption went from 125.9 MB to 125.5 MB.
Total: 6.070700 ms (FindLiveObjects: 0.417700 ms CreateObjectMapping: 0.136900 ms MarkObjects: 4.871500 ms  DeleteObjects: 0.641400 ms)

Prepare: number of updated asset objects reloaded= 0
AssetImportParameters requested are different than current active one (requested -> active):
  custom:container-demuxer-ogg: 62fdf1f143b41e24485cea50d1cbac27 -> 
  custom:video-codec-MediaFoundation-h265: 746d11721c4dcdbdad8f713fa42b33f4 -> 
  custom:video-decoder-ogg-theora: a1e56fd34408186e4bbccfd4996cb3dc -> 
  custom:framework-win-MediaFoundation: 216162199b28c13a410421893ffa2e32 -> 
  custom:CustomObjectIndexerAttribute: 756ad292c208cfabdd7b50bc23989ffe -> 
  custom:container-demuxer-webm: 4f35f7cbe854078d1ac9338744f61a02 -> 
  custom:container-muxer-webm: aa71ff27fc2769a1b78a27578f13a17b -> 
  custom:video-decoder-webm-vp8: 9c59270c3fd7afecdb556c50c9e8de78 -> 
  custom:SearchIndexIgnoredProperties: e643bd26f0fe6173181afceb89e7c659 -> 
  custom:AudioImporter_EditorPlatform: d09bf68614088b80899f8185d706f6e7 -> 
  custom:video-encoder-webm-vp8: eb34c28f22e8b96e1ab97ce403110664 -> 
  custom:audio-decoder-ogg-vorbis: bf7c407c2cedff20999df2af8eb42d56 -> 
  custom:audio-encoder-webm-vorbis: bf7c407c2cedff20999df2af8eb42d56 -> 
